  main.cpp
C:\Users\js9202\Documents\GitHub\GameStudies\Pong\main.cpp(254,16): warning C4305:  '+=': truncation from 'double' to 'T'
C:\Users\js9202\Documents\GitHub\GameStudies\Pong\main.cpp(254,16): warning C4305:         with
C:\Users\js9202\Documents\GitHub\GameStudies\Pong\main.cpp(254,16): warning C4305:         [
C:\Users\js9202\Documents\GitHub\GameStudies\Pong\main.cpp(254,16): warning C4305:             T=float
C:\Users\js9202\Documents\GitHub\GameStudies\Pong\main.cpp(254,16): warning C4305:         ]
C:\Users\js9202\Documents\GitHub\GameStudies\Pong\main.cpp(260,17): warning C4305:  '+=': truncation from 'double' to 'T'
C:\Users\js9202\Documents\GitHub\GameStudies\Pong\main.cpp(260,17): warning C4305:         with
C:\Users\js9202\Documents\GitHub\GameStudies\Pong\main.cpp(260,17): warning C4305:         [
C:\Users\js9202\Documents\GitHub\GameStudies\Pong\main.cpp(260,17): warning C4305:             T=float
C:\Users\js9202\Documents\GitHub\GameStudies\Pong\main.cpp(260,17): warning C4305:         ]
C:\Users\js9202\Documents\GitHub\GameStudies\Pong\main.cpp(267,16): warning C4305:  '+=': truncation from 'double' to 'T'
C:\Users\js9202\Documents\GitHub\GameStudies\Pong\main.cpp(267,16): warning C4305:         with
C:\Users\js9202\Documents\GitHub\GameStudies\Pong\main.cpp(267,16): warning C4305:         [
C:\Users\js9202\Documents\GitHub\GameStudies\Pong\main.cpp(267,16): warning C4305:             T=float
C:\Users\js9202\Documents\GitHub\GameStudies\Pong\main.cpp(267,16): warning C4305:         ]
C:\Users\js9202\Documents\GitHub\GameStudies\Pong\main.cpp(273,17): warning C4305:  '+=': truncation from 'double' to 'T'
C:\Users\js9202\Documents\GitHub\GameStudies\Pong\main.cpp(273,17): warning C4305:         with
C:\Users\js9202\Documents\GitHub\GameStudies\Pong\main.cpp(273,17): warning C4305:         [
C:\Users\js9202\Documents\GitHub\GameStudies\Pong\main.cpp(273,17): warning C4305:             T=float
C:\Users\js9202\Documents\GitHub\GameStudies\Pong\main.cpp(273,17): warning C4305:         ]
  SDLProject.vcxproj -> C:\Users\js9202\Documents\GitHub\GameStudies\Pong\Debug\SDLProject.exe
